<?xml version="1.0" encoding="UTF-8"?>
<!-- Generated by org.testng.reporters.JUnitXMLReporter -->
<testsuite hostname="Jasleen_Laptop" ignored="0" name="Test" tests="1" failures="0" timestamp="11 Jul 2020 12:29:26 GMT" time="40.215" errors="0">
  <testcase name="@AfterTest appiumStopServer" time="0.0" classname="hraPOrtal.TestPackage.LoginTest">
    <failure type="java.lang.NullPointerException">
      <![CDATA[java.lang.NullPointerException
	at hraPortal.BasePackage.appiumLaunch.appiumserverstop(appiumLaunch.java:78)
	at hraPOrtal.TestPackage.LoginTest.appiumStopServer(LoginTest.java:41)
... Removed 23 stack frames]]>
    </failure>
  </testcase> <!-- @AfterTest appiumStopServer -->
  <testcase name="login" time="11.057" classname="hraPOrtal.TestPackage.LoginTest"/>
</testsuite> <!-- Test -->
